<?xml version="1.0" encoding="UTF-8"?>
<!-- Generated by org.testng.reporters.JUnitReportReporter -->
<testsuite skipped="0" hostname="DESKTOP-QBE9VEH" name="com.training.sanity.tests.AdminCretateNewGroupRegisterNewUser" tests="2" failures="0" timestamp="14 May 2020 05:44:18 GMT" time="10.879" errors="0">
  <testcase name="createGroupToRegister" time="5.378" classname="com.training.sanity.tests.AdminCretateNewGroupRegisterNewUser"/>
  <testcase name="adminToGenerateInvoice" time="5.501" classname="com.training.sanity.tests.AdminCretateNewGroupRegisterNewUser"/>
</testsuite> <!-- com.training.sanity.tests.AdminCretateNewGroupRegisterNewUser -->
